[09-Aug-2020 10:37:11 Asia/Tokyo] デバッグ：「「「「「「「「「「「「「「「「「「「「「「「「「「「「「「「「「「「「「「「「
[09-Aug-2020 10:37:11 Asia/Tokyo] デバッグ：「　ユーザー登録ページ　
[09-Aug-2020 10:37:11 Asia/Tokyo] デバッグ：「「「「「「「「「「「「「「「「「「「「「「「「「「「「「「「「「「「「「「「「
[09-Aug-2020 10:37:11 Asia/Tokyo] デバッグ：>>>>>>>>>>>>>>>>>>>>>>>>>>>>>>>>>>>>>>>>>>>>>>>> 画面表示処理開始
[09-Aug-2020 10:37:11 Asia/Tokyo] デバッグ：セッションID：dtln9qm0vvg236p4q90b8psjgt
[09-Aug-2020 10:37:11 Asia/Tokyo] デバッグ：セッション変数の中身：Array
(
)

[09-Aug-2020 10:37:11 Asia/Tokyo] デバッグ：現在日時タイムスタンプ：1596937031
[09-Aug-2020 10:37:13 Asia/Tokyo] デバッグ：「「「「「「「「「「「「「「「「「「「「「「「「「「「「「「「「「「「「「「「「
[09-Aug-2020 10:37:13 Asia/Tokyo] デバッグ：「　ユーザー登録ページ　
[09-Aug-2020 10:37:13 Asia/Tokyo] デバッグ：「「「「「「「「「「「「「「「「「「「「「「「「「「「「「「「「「「「「「「「「
[09-Aug-2020 10:37:13 Asia/Tokyo] デバッグ：>>>>>>>>>>>>>>>>>>>>>>>>>>>>>>>>>>>>>>>>>>>>>>>> 画面表示処理開始
[09-Aug-2020 10:37:13 Asia/Tokyo] デバッグ：セッションID：flsj15mdchh3cop5vnt1foj326
[09-Aug-2020 10:37:13 Asia/Tokyo] デバッグ：セッション変数の中身：Array
(
)

[09-Aug-2020 10:37:13 Asia/Tokyo] デバッグ：現在日時タイムスタンプ：1596937033
[09-Aug-2020 10:53:28 Asia/Tokyo] デバッグ：「「「「「「「「「「「「「「「「「「「「「「「「「「「「「「「「「「「「「「「「
[09-Aug-2020 10:53:28 Asia/Tokyo] デバッグ：「　ユーザー登録ページ　
[09-Aug-2020 10:53:28 Asia/Tokyo] デバッグ：「「「「「「「「「「「「「「「「「「「「「「「「「「「「「「「「「「「「「「「「
[09-Aug-2020 10:53:28 Asia/Tokyo] デバッグ：>>>>>>>>>>>>>>>>>>>>>>>>>>>>>>>>>>>>>>>>>>>>>>>> 画面表示処理開始
[09-Aug-2020 10:53:28 Asia/Tokyo] デバッグ：セッションID：dfhd3rp3ls6h4iesi9lpmb360b
[09-Aug-2020 10:53:28 Asia/Tokyo] デバッグ：セッション変数の中身：Array
(
)

[09-Aug-2020 10:53:28 Asia/Tokyo] デバッグ：現在日時タイムスタンプ：1596938008
[09-Aug-2020 10:53:30 Asia/Tokyo] デバッグ：「「「「「「「「「「「「「「「「「「「「「「「「「「「「「「「「「「「「「「「「
[09-Aug-2020 10:53:30 Asia/Tokyo] デバッグ：「　ユーザー登録ページ　
[09-Aug-2020 10:53:30 Asia/Tokyo] デバッグ：「「「「「「「「「「「「「「「「「「「「「「「「「「「「「「「「「「「「「「「「
[09-Aug-2020 10:53:30 Asia/Tokyo] デバッグ：>>>>>>>>>>>>>>>>>>>>>>>>>>>>>>>>>>>>>>>>>>>>>>>> 画面表示処理開始
[09-Aug-2020 10:53:30 Asia/Tokyo] デバッグ：セッションID：25sm0jo4g63nstqda6p8h4hes0
[09-Aug-2020 10:53:30 Asia/Tokyo] デバッグ：セッション変数の中身：Array
(
)

[09-Aug-2020 10:53:30 Asia/Tokyo] デバッグ：現在日時タイムスタンプ：1596938010
[09-Aug-2020 10:54:30 Asia/Tokyo] デバッグ：「「「「「「「「「「「「「「「「「「「「「「「「「「「「「「「「「「「「「「「「
[09-Aug-2020 10:54:30 Asia/Tokyo] デバッグ：「　ユーザー登録ページ　
[09-Aug-2020 10:54:30 Asia/Tokyo] デバッグ：「「「「「「「「「「「「「「「「「「「「「「「「「「「「「「「「「「「「「「「「
[09-Aug-2020 10:54:30 Asia/Tokyo] デバッグ：>>>>>>>>>>>>>>>>>>>>>>>>>>>>>>>>>>>>>>>>>>>>>>>> 画面表示処理開始
[09-Aug-2020 10:54:30 Asia/Tokyo] デバッグ：セッションID：jkhqaesemg0j4fmre1u274i6aq
[09-Aug-2020 10:54:30 Asia/Tokyo] デバッグ：セッション変数の中身：Array
(
)

[09-Aug-2020 10:54:30 Asia/Tokyo] デバッグ：現在日時タイムスタンプ：1596938070
[09-Aug-2020 10:54:35 Asia/Tokyo] デバッグ：「「「「「「「「「「「「「「「「「「「「「「「「「「「「「「「「「「「「「「「「
[09-Aug-2020 10:54:35 Asia/Tokyo] デバッグ：「　ユーザー登録ページ　
[09-Aug-2020 10:54:35 Asia/Tokyo] デバッグ：「「「「「「「「「「「「「「「「「「「「「「「「「「「「「「「「「「「「「「「「
[09-Aug-2020 10:54:35 Asia/Tokyo] デバッグ：>>>>>>>>>>>>>>>>>>>>>>>>>>>>>>>>>>>>>>>>>>>>>>>> 画面表示処理開始
[09-Aug-2020 10:54:35 Asia/Tokyo] デバッグ：セッションID：11e0hjrthrsllet1k96k6sdg0s
[09-Aug-2020 10:54:35 Asia/Tokyo] デバッグ：セッション変数の中身：Array
(
)

[09-Aug-2020 10:54:35 Asia/Tokyo] デバッグ：現在日時タイムスタンプ：1596938075
[09-Aug-2020 11:00:34 Asia/Tokyo] デバッグ：「「「「「「「「「「「「「「「「「「「「「「「「「「「「「「「「「「「「「「「「
[09-Aug-2020 11:00:34 Asia/Tokyo] デバッグ：「　ユーザー登録ページ　
[09-Aug-2020 11:00:34 Asia/Tokyo] デバッグ：「「「「「「「「「「「「「「「「「「「「「「「「「「「「「「「「「「「「「「「「
[09-Aug-2020 11:00:34 Asia/Tokyo] デバッグ：>>>>>>>>>>>>>>>>>>>>>>>>>>>>>>>>>>>>>>>>>>>>>>>> 画面表示処理開始
[09-Aug-2020 11:00:34 Asia/Tokyo] デバッグ：セッションID：2s01hnl59mb777tpume6lff57q
[09-Aug-2020 11:00:34 Asia/Tokyo] デバッグ：セッション変数の中身：Array
(
)

[09-Aug-2020 11:00:34 Asia/Tokyo] デバッグ：現在日時タイムスタンプ：1596938434
[09-Aug-2020 11:00:36 Asia/Tokyo] デバッグ：「「「「「「「「「「「「「「「「「「「「「「「「「「「「「「「「「「「「「「「「
[09-Aug-2020 11:00:36 Asia/Tokyo] デバッグ：「　ユーザー登録ページ　
[09-Aug-2020 11:00:36 Asia/Tokyo] デバッグ：「「「「「「「「「「「「「「「「「「「「「「「「「「「「「「「「「「「「「「「「
[09-Aug-2020 11:00:36 Asia/Tokyo] デバッグ：>>>>>>>>>>>>>>>>>>>>>>>>>>>>>>>>>>>>>>>>>>>>>>>> 画面表示処理開始
[09-Aug-2020 11:00:36 Asia/Tokyo] デバッグ：セッションID：s1f9j5tqpvqk1s8rv2r9he382l
[09-Aug-2020 11:00:36 Asia/Tokyo] デバッグ：セッション変数の中身：Array
(
)

[09-Aug-2020 11:00:36 Asia/Tokyo] デバッグ：現在日時タイムスタンプ：1596938436
[09-Aug-2020 11:00:38 Asia/Tokyo] デバッグ：「「「「「「「「「「「「「「「「「「「「「「「「「「「「「「「「「「「「「「「「
[09-Aug-2020 11:00:38 Asia/Tokyo] デバッグ：「　ユーザー登録ページ　
[09-Aug-2020 11:00:38 Asia/Tokyo] デバッグ：「「「「「「「「「「「「「「「「「「「「「「「「「「「「「「「「「「「「「「「「
[09-Aug-2020 11:00:38 Asia/Tokyo] デバッグ：>>>>>>>>>>>>>>>>>>>>>>>>>>>>>>>>>>>>>>>>>>>>>>>> 画面表示処理開始
[09-Aug-2020 11:00:38 Asia/Tokyo] デバッグ：セッションID：38e1hdal3mqit0inlv524ups2e
[09-Aug-2020 11:00:38 Asia/Tokyo] デバッグ：セッション変数の中身：Array
(
)

[09-Aug-2020 11:00:38 Asia/Tokyo] デバッグ：現在日時タイムスタンプ：1596938438
[09-Aug-2020 11:02:18 Asia/Tokyo] デバッグ：「「「「「「「「「「「「「「「「「「「「「「「「「「「「「「「「「「「「「「「「
[09-Aug-2020 11:02:18 Asia/Tokyo] デバッグ：「　ユーザー登録ページ　
[09-Aug-2020 11:02:18 Asia/Tokyo] デバッグ：「「「「「「「「「「「「「「「「「「「「「「「「「「「「「「「「「「「「「「「「
[09-Aug-2020 11:02:18 Asia/Tokyo] デバッグ：>>>>>>>>>>>>>>>>>>>>>>>>>>>>>>>>>>>>>>>>>>>>>>>> 画面表示処理開始
[09-Aug-2020 11:02:18 Asia/Tokyo] デバッグ：セッションID：a2t1r13blitvs2v1rgldbeq02n
[09-Aug-2020 11:02:18 Asia/Tokyo] デバッグ：セッション変数の中身：Array
(
)

[09-Aug-2020 11:02:18 Asia/Tokyo] デバッグ：現在日時タイムスタンプ：1596938538
[09-Aug-2020 11:02:28 Asia/Tokyo] デバッグ：「「「「「「「「「「「「「「「「「「「「「「「「「「「「「「「「「「「「「「「「
[09-Aug-2020 11:02:28 Asia/Tokyo] デバッグ：「　ユーザー登録ページ　
[09-Aug-2020 11:02:28 Asia/Tokyo] デバッグ：「「「「「「「「「「「「「「「「「「「「「「「「「「「「「「「「「「「「「「「「
[09-Aug-2020 11:02:28 Asia/Tokyo] デバッグ：>>>>>>>>>>>>>>>>>>>>>>>>>>>>>>>>>>>>>>>>>>>>>>>> 画面表示処理開始
[09-Aug-2020 11:02:28 Asia/Tokyo] デバッグ：セッションID：oia9on8h85ir6gmgo872rqfrke
[09-Aug-2020 11:02:28 Asia/Tokyo] デバッグ：セッション変数の中身：Array
(
)

[09-Aug-2020 11:02:28 Asia/Tokyo] デバッグ：現在日時タイムスタンプ：1596938548
[09-Aug-2020 11:04:46 Asia/Tokyo] デバッグ：「「「「「「「「「「「「「「「「「「「「「「「「「「「「「「「「「「「「「「「「
[09-Aug-2020 11:04:46 Asia/Tokyo] デバッグ：「　ユーザー登録ページ　
[09-Aug-2020 11:04:46 Asia/Tokyo] デバッグ：「「「「「「「「「「「「「「「「「「「「「「「「「「「「「「「「「「「「「「「「
[09-Aug-2020 11:04:46 Asia/Tokyo] デバッグ：>>>>>>>>>>>>>>>>>>>>>>>>>>>>>>>>>>>>>>>>>>>>>>>> 画面表示処理開始
[09-Aug-2020 11:04:46 Asia/Tokyo] デバッグ：セッションID：nghc2q0rrvlr3c3hsc676enapq
[09-Aug-2020 11:04:46 Asia/Tokyo] デバッグ：セッション変数の中身：Array
(
)

[09-Aug-2020 11:04:46 Asia/Tokyo] デバッグ：現在日時タイムスタンプ：1596938686
[09-Aug-2020 11:04:53 Asia/Tokyo] デバッグ：「「「「「「「「「「「「「「「「「「「「「「「「「「「「「「「「「「「「「「「「
[09-Aug-2020 11:04:53 Asia/Tokyo] デバッグ：「　ユーザー登録ページ　
[09-Aug-2020 11:04:53 Asia/Tokyo] デバッグ：「「「「「「「「「「「「「「「「「「「「「「「「「「「「「「「「「「「「「「「「
[09-Aug-2020 11:04:53 Asia/Tokyo] デバッグ：>>>>>>>>>>>>>>>>>>>>>>>>>>>>>>>>>>>>>>>>>>>>>>>> 画面表示処理開始
[09-Aug-2020 11:04:53 Asia/Tokyo] デバッグ：セッションID：95brkhsdbcujubc5vpl9rieng0
[09-Aug-2020 11:04:53 Asia/Tokyo] デバッグ：セッション変数の中身：Array
(
)

[09-Aug-2020 11:04:53 Asia/Tokyo] デバッグ：現在日時タイムスタンプ：1596938693
[09-Aug-2020 11:04:53 Asia/Tokyo] デバッグ：「「「「「「「「「「「「「「「「「「「「「「「「「「「「「「「「「「「「「「「「
[09-Aug-2020 11:04:53 Asia/Tokyo] デバッグ：「　ユーザー登録ページ　
[09-Aug-2020 11:04:53 Asia/Tokyo] デバッグ：「「「「「「「「「「「「「「「「「「「「「「「「「「「「「「「「「「「「「「「「
[09-Aug-2020 11:04:53 Asia/Tokyo] デバッグ：>>>>>>>>>>>>>>>>>>>>>>>>>>>>>>>>>>>>>>>>>>>>>>>> 画面表示処理開始
[09-Aug-2020 11:04:53 Asia/Tokyo] デバッグ：セッションID：9bgjdeffj9gfhdmgpshhoqftbb
[09-Aug-2020 11:04:53 Asia/Tokyo] デバッグ：セッション変数の中身：Array
(
)

[09-Aug-2020 11:04:53 Asia/Tokyo] デバッグ：現在日時タイムスタンプ：1596938693
[09-Aug-2020 11:04:57 Asia/Tokyo] デバッグ：「「「「「「「「「「「「「「「「「「「「「「「「「「「「「「「「「「「「「「「「
[09-Aug-2020 11:04:57 Asia/Tokyo] デバッグ：「　ユーザー登録ページ　
[09-Aug-2020 11:04:57 Asia/Tokyo] デバッグ：「「「「「「「「「「「「「「「「「「「「「「「「「「「「「「「「「「「「「「「「
[09-Aug-2020 11:04:57 Asia/Tokyo] デバッグ：>>>>>>>>>>>>>>>>>>>>>>>>>>>>>>>>>>>>>>>>>>>>>>>> 画面表示処理開始
[09-Aug-2020 11:04:57 Asia/Tokyo] デバッグ：セッションID：j5cquj9esl6jnhoigd7mke6gmk
[09-Aug-2020 11:04:57 Asia/Tokyo] デバッグ：セッション変数の中身：Array
(
)

[09-Aug-2020 11:04:57 Asia/Tokyo] デバッグ：現在日時タイムスタンプ：1596938697
[09-Aug-2020 11:05:36 Asia/Tokyo] デバッグ：「「「「「「「「「「「「「「「「「「「「「「「「「「「「「「「「「「「「「「「「
[09-Aug-2020 11:05:36 Asia/Tokyo] デバッグ：「　ユーザー登録ページ　
[09-Aug-2020 11:05:36 Asia/Tokyo] デバッグ：「「「「「「「「「「「「「「「「「「「「「「「「「「「「「「「「「「「「「「「「
[09-Aug-2020 11:05:36 Asia/Tokyo] デバッグ：>>>>>>>>>>>>>>>>>>>>>>>>>>>>>>>>>>>>>>>>>>>>>>>> 画面表示処理開始
[09-Aug-2020 11:05:36 Asia/Tokyo] デバッグ：セッションID：i53hk4h9vqt6hvklkhq8a3pmgk
[09-Aug-2020 11:05:36 Asia/Tokyo] デバッグ：セッション変数の中身：Array
(
)

[09-Aug-2020 11:05:36 Asia/Tokyo] デバッグ：現在日時タイムスタンプ：1596938736
[09-Aug-2020 11:05:39 Asia/Tokyo] デバッグ：「「「「「「「「「「「「「「「「「「「「「「「「「「「「「「「「「「「「「「「「
[09-Aug-2020 11:05:39 Asia/Tokyo] デバッグ：「　ユーザー登録ページ　
[09-Aug-2020 11:05:39 Asia/Tokyo] デバッグ：「「「「「「「「「「「「「「「「「「「「「「「「「「「「「「「「「「「「「「「「
[09-Aug-2020 11:05:39 Asia/Tokyo] デバッグ：>>>>>>>>>>>>>>>>>>>>>>>>>>>>>>>>>>>>>>>>>>>>>>>> 画面表示処理開始
[09-Aug-2020 11:05:39 Asia/Tokyo] デバッグ：セッションID：seicq55sbbge5egee6vggoj5jt
[09-Aug-2020 11:05:39 Asia/Tokyo] デバッグ：セッション変数の中身：Array
(
)

[09-Aug-2020 11:05:39 Asia/Tokyo] デバッグ：現在日時タイムスタンプ：1596938739
[09-Aug-2020 11:06:01 Asia/Tokyo] デバッグ：「「「「「「「「「「「「「「「「「「「「「「「「「「「「「「「「「「「「「「「「
[09-Aug-2020 11:06:01 Asia/Tokyo] デバッグ：「　ユーザー登録ページ　
[09-Aug-2020 11:06:01 Asia/Tokyo] デバッグ：「「「「「「「「「「「「「「「「「「「「「「「「「「「「「「「「「「「「「「「「
[09-Aug-2020 11:06:01 Asia/Tokyo] デバッグ：>>>>>>>>>>>>>>>>>>>>>>>>>>>>>>>>>>>>>>>>>>>>>>>> 画面表示処理開始
[09-Aug-2020 11:06:01 Asia/Tokyo] デバッグ：セッションID：j6g3bk3ufsei48cb4tbquadnff
[09-Aug-2020 11:06:01 Asia/Tokyo] デバッグ：セッション変数の中身：Array
(
)

[09-Aug-2020 11:06:01 Asia/Tokyo] デバッグ：現在日時タイムスタンプ：1596938761
[09-Aug-2020 11:06:03 Asia/Tokyo] デバッグ：「「「「「「「「「「「「「「「「「「「「「「「「「「「「「「「「「「「「「「「「
[09-Aug-2020 11:06:03 Asia/Tokyo] デバッグ：「　ユーザー登録ページ　
[09-Aug-2020 11:06:03 Asia/Tokyo] デバッグ：「「「「「「「「「「「「「「「「「「「「「「「「「「「「「「「「「「「「「「「「
[09-Aug-2020 11:06:03 Asia/Tokyo] デバッグ：>>>>>>>>>>>>>>>>>>>>>>>>>>>>>>>>>>>>>>>>>>>>>>>> 画面表示処理開始
[09-Aug-2020 11:06:03 Asia/Tokyo] デバッグ：セッションID：9jmgejcc5difmc11o3ugdovutc
[09-Aug-2020 11:06:03 Asia/Tokyo] デバッグ：セッション変数の中身：Array
(
)

[09-Aug-2020 11:06:03 Asia/Tokyo] デバッグ：現在日時タイムスタンプ：1596938763
[09-Aug-2020 11:09:15 Asia/Tokyo] デバッグ：「「「「「「「「「「「「「「「「「「「「「「「「「「「「「「「「「「「「「「「「
[09-Aug-2020 11:09:15 Asia/Tokyo] デバッグ：「　ユーザー登録ページ　
[09-Aug-2020 11:09:15 Asia/Tokyo] デバッグ：「「「「「「「「「「「「「「「「「「「「「「「「「「「「「「「「「「「「「「「「
[09-Aug-2020 11:09:15 Asia/Tokyo] デバッグ：>>>>>>>>>>>>>>>>>>>>>>>>>>>>>>>>>>>>>>>>>>>>>>>> 画面表示処理開始
[09-Aug-2020 11:09:15 Asia/Tokyo] デバッグ：セッションID：mjpepoudsm80pcrhu5jv8gjdg0
[09-Aug-2020 11:09:15 Asia/Tokyo] デバッグ：セッション変数の中身：Array
(
)

[09-Aug-2020 11:09:15 Asia/Tokyo] デバッグ：現在日時タイムスタンプ：1596938955
[09-Aug-2020 11:09:23 Asia/Tokyo] デバッグ：「「「「「「「「「「「「「「「「「「「「「「「「「「「「「「「「「「「「「「「「
[09-Aug-2020 11:09:23 Asia/Tokyo] デバッグ：「　ユーザー登録ページ　
[09-Aug-2020 11:09:23 Asia/Tokyo] デバッグ：「「「「「「「「「「「「「「「「「「「「「「「「「「「「「「「「「「「「「「「「
[09-Aug-2020 11:09:23 Asia/Tokyo] デバッグ：>>>>>>>>>>>>>>>>>>>>>>>>>>>>>>>>>>>>>>>>>>>>>>>> 画面表示処理開始
[09-Aug-2020 11:09:23 Asia/Tokyo] デバッグ：セッションID：vjnd8uqvjlm197s1hld3csls0p
[09-Aug-2020 11:09:23 Asia/Tokyo] デバッグ：セッション変数の中身：Array
(
)

[09-Aug-2020 11:09:23 Asia/Tokyo] デバッグ：現在日時タイムスタンプ：1596938963
[09-Aug-2020 11:10:39 Asia/Tokyo] デバッグ：「「「「「「「「「「「「「「「「「「「「「「「「「「「「「「「「「「「「「「「「
[09-Aug-2020 11:10:39 Asia/Tokyo] デバッグ：「　ユーザー登録ページ　
[09-Aug-2020 11:10:39 Asia/Tokyo] デバッグ：「「「「「「「「「「「「「「「「「「「「「「「「「「「「「「「「「「「「「「「「
[09-Aug-2020 11:10:39 Asia/Tokyo] デバッグ：>>>>>>>>>>>>>>>>>>>>>>>>>>>>>>>>>>>>>>>>>>>>>>>> 画面表示処理開始
[09-Aug-2020 11:10:39 Asia/Tokyo] デバッグ：セッションID：tigp89bqom0h3asjqior58hp2f
[09-Aug-2020 11:10:39 Asia/Tokyo] デバッグ：セッション変数の中身：Array
(
)

[09-Aug-2020 11:10:39 Asia/Tokyo] デバッグ：現在日時タイムスタンプ：1596939039
[09-Aug-2020 11:10:44 Asia/Tokyo] デバッグ：「「「「「「「「「「「「「「「「「「「「「「「「「「「「「「「「「「「「「「「「
[09-Aug-2020 11:10:44 Asia/Tokyo] デバッグ：「　ユーザー登録ページ　
[09-Aug-2020 11:10:44 Asia/Tokyo] デバッグ：「「「「「「「「「「「「「「「「「「「「「「「「「「「「「「「「「「「「「「「「
[09-Aug-2020 11:10:44 Asia/Tokyo] デバッグ：>>>>>>>>>>>>>>>>>>>>>>>>>>>>>>>>>>>>>>>>>>>>>>>> 画面表示処理開始
[09-Aug-2020 11:10:44 Asia/Tokyo] デバッグ：セッションID：8iptmb2vqfuc38jtec664hk9i8
[09-Aug-2020 11:10:44 Asia/Tokyo] デバッグ：セッション変数の中身：Array
(
)

[09-Aug-2020 11:10:44 Asia/Tokyo] デバッグ：現在日時タイムスタンプ：1596939044
[09-Aug-2020 11:10:51 Asia/Tokyo] デバッグ：「「「「「「「「「「「「「「「「「「「「「「「「「「「「「「「「「「「「「「「「
[09-Aug-2020 11:10:51 Asia/Tokyo] デバッグ：「　ユーザー登録ページ　
[09-Aug-2020 11:10:51 Asia/Tokyo] デバッグ：「「「「「「「「「「「「「「「「「「「「「「「「「「「「「「「「「「「「「「「「
[09-Aug-2020 11:10:51 Asia/Tokyo] デバッグ：>>>>>>>>>>>>>>>>>>>>>>>>>>>>>>>>>>>>>>>>>>>>>>>> 画面表示処理開始
[09-Aug-2020 11:10:51 Asia/Tokyo] デバッグ：セッションID：13ap86ggt3rov6m808efqnardf
[09-Aug-2020 11:10:51 Asia/Tokyo] デバッグ：セッション変数の中身：Array
(
)

[09-Aug-2020 11:10:51 Asia/Tokyo] デバッグ：現在日時タイムスタンプ：1596939051
[09-Aug-2020 11:10:54 Asia/Tokyo] デバッグ：「「「「「「「「「「「「「「「「「「「「「「「「「「「「「「「「「「「「「「「「
[09-Aug-2020 11:10:54 Asia/Tokyo] デバッグ：「　ユーザー登録ページ　
[09-Aug-2020 11:10:54 Asia/Tokyo] デバッグ：「「「「「「「「「「「「「「「「「「「「「「「「「「「「「「「「「「「「「「「「
[09-Aug-2020 11:10:54 Asia/Tokyo] デバッグ：>>>>>>>>>>>>>>>>>>>>>>>>>>>>>>>>>>>>>>>>>>>>>>>> 画面表示処理開始
[09-Aug-2020 11:10:54 Asia/Tokyo] デバッグ：セッションID：4pn6k69tj1iruakidim4jeg87s
[09-Aug-2020 11:10:54 Asia/Tokyo] デバッグ：セッション変数の中身：Array
(
)

[09-Aug-2020 11:10:54 Asia/Tokyo] デバッグ：現在日時タイムスタンプ：1596939054
[09-Aug-2020 11:11:08 Asia/Tokyo] デバッグ：「「「「「「「「「「「「「「「「「「「「「「「「「「「「「「「「「「「「「「「「
[09-Aug-2020 11:11:08 Asia/Tokyo] デバッグ：「　ユーザー登録ページ　
[09-Aug-2020 11:11:08 Asia/Tokyo] デバッグ：「「「「「「「「「「「「「「「「「「「「「「「「「「「「「「「「「「「「「「「「
[09-Aug-2020 11:11:08 Asia/Tokyo] デバッグ：>>>>>>>>>>>>>>>>>>>>>>>>>>>>>>>>>>>>>>>>>>>>>>>> 画面表示処理開始
[09-Aug-2020 11:11:08 Asia/Tokyo] デバッグ：セッションID：tqgjdk21laaspfua43eptfca8k
[09-Aug-2020 11:11:08 Asia/Tokyo] デバッグ：セッション変数の中身：Array
(
)

[09-Aug-2020 11:11:08 Asia/Tokyo] デバッグ：現在日時タイムスタンプ：1596939068
[09-Aug-2020 11:14:14 Asia/Tokyo] デバッグ：「「「「「「「「「「「「「「「「「「「「「「「「「「「「「「「「「「「「「「「「
[09-Aug-2020 11:14:14 Asia/Tokyo] デバッグ：「　ユーザー登録ページ　
[09-Aug-2020 11:14:14 Asia/Tokyo] デバッグ：「「「「「「「「「「「「「「「「「「「「「「「「「「「「「「「「「「「「「「「「
[09-Aug-2020 11:14:14 Asia/Tokyo] デバッグ：>>>>>>>>>>>>>>>>>>>>>>>>>>>>>>>>>>>>>>>>>>>>>>>> 画面表示処理開始
[09-Aug-2020 11:14:14 Asia/Tokyo] デバッグ：セッションID：1t1b3a3mfmh6tr2gnfn4dtgqhr
[09-Aug-2020 11:14:14 Asia/Tokyo] デバッグ：セッション変数の中身：Array
(
)

[09-Aug-2020 11:14:14 Asia/Tokyo] デバッグ：現在日時タイムスタンプ：1596939254
[09-Aug-2020 11:15:24 Asia/Tokyo] デバッグ：「「「「「「「「「「「「「「「「「「「「「「「「「「「「「「「「「「「「「「「「
[09-Aug-2020 11:15:24 Asia/Tokyo] デバッグ：「　ユーザー登録ページ　
[09-Aug-2020 11:15:24 Asia/Tokyo] デバッグ：「「「「「「「「「「「「「「「「「「「「「「「「「「「「「「「「「「「「「「「「
[09-Aug-2020 11:15:24 Asia/Tokyo] デバッグ：>>>>>>>>>>>>>>>>>>>>>>>>>>>>>>>>>>>>>>>>>>>>>>>> 画面表示処理開始
[09-Aug-2020 11:15:24 Asia/Tokyo] デバッグ：セッションID：v5ichu9gtu48rron881u05l4af
[09-Aug-2020 11:15:24 Asia/Tokyo] デバッグ：セッション変数の中身：Array
(
)

[09-Aug-2020 11:15:24 Asia/Tokyo] デバッグ：現在日時タイムスタンプ：1596939324
[09-Aug-2020 11:15:36 Asia/Tokyo] デバッグ：「「「「「「「「「「「「「「「「「「「「「「「「「「「「「「「「「「「「「「「「
[09-Aug-2020 11:15:36 Asia/Tokyo] デバッグ：「　ユーザー登録ページ　
[09-Aug-2020 11:15:36 Asia/Tokyo] デバッグ：「「「「「「「「「「「「「「「「「「「「「「「「「「「「「「「「「「「「「「「「
[09-Aug-2020 11:15:36 Asia/Tokyo] デバッグ：>>>>>>>>>>>>>>>>>>>>>>>>>>>>>>>>>>>>>>>>>>>>>>>> 画面表示処理開始
[09-Aug-2020 11:15:36 Asia/Tokyo] デバッグ：セッションID：lgpk8dtn2389dfd21lsrcbp40l
[09-Aug-2020 11:15:36 Asia/Tokyo] デバッグ：セッション変数の中身：Array
(
)

[09-Aug-2020 11:15:36 Asia/Tokyo] デバッグ：現在日時タイムスタンプ：1596939336
[09-Aug-2020 11:17:36 Asia/Tokyo] デバッグ：「「「「「「「「「「「「「「「「「「「「「「「「「「「「「「「「「「「「「「「「
[09-Aug-2020 11:17:36 Asia/Tokyo] デバッグ：「　ユーザー登録ページ　
[09-Aug-2020 11:17:36 Asia/Tokyo] デバッグ：「「「「「「「「「「「「「「「「「「「「「「「「「「「「「「「「「「「「「「「「
[09-Aug-2020 11:17:36 Asia/Tokyo] デバッグ：>>>>>>>>>>>>>>>>>>>>>>>>>>>>>>>>>>>>>>>>>>>>>>>> 画面表示処理開始
[09-Aug-2020 11:17:36 Asia/Tokyo] デバッグ：セッションID：qeoa19o850d33hie6dkdf4j1bv
[09-Aug-2020 11:17:36 Asia/Tokyo] デバッグ：セッション変数の中身：Array
(
)

[09-Aug-2020 11:17:36 Asia/Tokyo] デバッグ：現在日時タイムスタンプ：1596939456
[09-Aug-2020 11:18:50 Asia/Tokyo] デバッグ：「「「「「「「「「「「「「「「「「「「「「「「「「「「「「「「「「「「「「「「「
[09-Aug-2020 11:18:50 Asia/Tokyo] デバッグ：「　ユーザー登録ページ　
[09-Aug-2020 11:18:50 Asia/Tokyo] デバッグ：「「「「「「「「「「「「「「「「「「「「「「「「「「「「「「「「「「「「「「「「
[09-Aug-2020 11:18:50 Asia/Tokyo] デバッグ：>>>>>>>>>>>>>>>>>>>>>>>>>>>>>>>>>>>>>>>>>>>>>>>> 画面表示処理開始
[09-Aug-2020 11:18:50 Asia/Tokyo] デバッグ：セッションID：5i10h33hnjimvm41cvprj5p88g
[09-Aug-2020 11:18:50 Asia/Tokyo] デバッグ：セッション変数の中身：Array
(
)

[09-Aug-2020 11:18:50 Asia/Tokyo] デバッグ：現在日時タイムスタンプ：1596939530
[09-Aug-2020 11:19:16 Asia/Tokyo] デバッグ：「「「「「「「「「「「「「「「「「「「「「「「「「「「「「「「「「「「「「「「「
[09-Aug-2020 11:19:16 Asia/Tokyo] デバッグ：「　ユーザー登録ページ　
[09-Aug-2020 11:19:16 Asia/Tokyo] デバッグ：「「「「「「「「「「「「「「「「「「「「「「「「「「「「「「「「「「「「「「「「
[09-Aug-2020 11:19:16 Asia/Tokyo] デバッグ：>>>>>>>>>>>>>>>>>>>>>>>>>>>>>>>>>>>>>>>>>>>>>>>> 画面表示処理開始
[09-Aug-2020 11:19:16 Asia/Tokyo] デバッグ：セッションID：tv5on5afkpu51k8krp5dv3nrcq
[09-Aug-2020 11:19:16 Asia/Tokyo] デバッグ：セッション変数の中身：Array
(
)

[09-Aug-2020 11:19:16 Asia/Tokyo] デバッグ：現在日時タイムスタンプ：1596939556
[09-Aug-2020 11:21:47 Asia/Tokyo] デバッグ：「「「「「「「「「「「「「「「「「「「「「「「「「「「「「「「「「「「「「「「「
[09-Aug-2020 11:21:47 Asia/Tokyo] デバッグ：「　ユーザー登録ページ　
[09-Aug-2020 11:21:47 Asia/Tokyo] デバッグ：「「「「「「「「「「「「「「「「「「「「「「「「「「「「「「「「「「「「「「「「
[09-Aug-2020 11:21:47 Asia/Tokyo] デバッグ：>>>>>>>>>>>>>>>>>>>>>>>>>>>>>>>>>>>>>>>>>>>>>>>> 画面表示処理開始
[09-Aug-2020 11:21:47 Asia/Tokyo] デバッグ：セッションID：6jrn8cqdk8h3ddg31upd51032d
[09-Aug-2020 11:21:47 Asia/Tokyo] デバッグ：セッション変数の中身：Array
(
)

[09-Aug-2020 11:21:47 Asia/Tokyo] デバッグ：現在日時タイムスタンプ：1596939707
[09-Aug-2020 11:21:47 Asia/Tokyo] デバッグ：クエリ成功。
[09-Aug-2020 11:21:49 Asia/Tokyo] デバッグ：「「「「「「「「「「「「「「「「「「「「「「「「「「「「「「「「「「「「「「「「
[09-Aug-2020 11:21:49 Asia/Tokyo] デバッグ：「　ユーザー登録ページ　
[09-Aug-2020 11:21:49 Asia/Tokyo] デバッグ：「「「「「「「「「「「「「「「「「「「「「「「「「「「「「「「「「「「「「「「「
[09-Aug-2020 11:21:49 Asia/Tokyo] デバッグ：>>>>>>>>>>>>>>>>>>>>>>>>>>>>>>>>>>>>>>>>>>>>>>>> 画面表示処理開始
[09-Aug-2020 11:21:49 Asia/Tokyo] デバッグ：セッションID：vhe9adikdff4vlirdfpe70egdd
[09-Aug-2020 11:21:49 Asia/Tokyo] デバッグ：セッション変数の中身：Array
(
)

[09-Aug-2020 11:21:49 Asia/Tokyo] デバッグ：現在日時タイムスタンプ：1596939709
[09-Aug-2020 11:21:49 Asia/Tokyo] デバッグ：クエリ成功。
[09-Aug-2020 11:21:58 Asia/Tokyo] デバッグ：「「「「「「「「「「「「「「「「「「「「「「「「「「「「「「「「「「「「「「「「
[09-Aug-2020 11:21:58 Asia/Tokyo] デバッグ：「　ユーザー登録ページ　
[09-Aug-2020 11:21:58 Asia/Tokyo] デバッグ：「「「「「「「「「「「「「「「「「「「「「「「「「「「「「「「「「「「「「「「「
[09-Aug-2020 11:21:58 Asia/Tokyo] デバッグ：>>>>>>>>>>>>>>>>>>>>>>>>>>>>>>>>>>>>>>>>>>>>>>>> 画面表示処理開始
[09-Aug-2020 11:21:58 Asia/Tokyo] デバッグ：セッションID：n0kv9rksrkr9pvr4m9prc3soiu
[09-Aug-2020 11:21:58 Asia/Tokyo] デバッグ：セッション変数の中身：Array
(
)

[09-Aug-2020 11:21:58 Asia/Tokyo] デバッグ：現在日時タイムスタンプ：1596939718
[09-Aug-2020 11:21:58 Asia/Tokyo] デバッグ：クエリ成功。
[09-Aug-2020 11:25:00 Asia/Tokyo] デバッグ：「「「「「「「「「「「「「「「「「「「「「「「「「「「「「「「「「「「「「「「「
[09-Aug-2020 11:25:00 Asia/Tokyo] デバッグ：「　ユーザー登録ページ　
[09-Aug-2020 11:25:00 Asia/Tokyo] デバッグ：「「「「「「「「「「「「「「「「「「「「「「「「「「「「「「「「「「「「「「「「
[09-Aug-2020 11:25:00 Asia/Tokyo] デバッグ：>>>>>>>>>>>>>>>>>>>>>>>>>>>>>>>>>>>>>>>>>>>>>>>> 画面表示処理開始
[09-Aug-2020 11:25:00 Asia/Tokyo] デバッグ：セッションID：n4cdampqr3pt4h8ptmuf7785tl
[09-Aug-2020 11:25:00 Asia/Tokyo] デバッグ：セッション変数の中身：Array
(
)

[09-Aug-2020 11:25:00 Asia/Tokyo] デバッグ：現在日時タイムスタンプ：1596939900
[09-Aug-2020 11:25:00 Asia/Tokyo] デバッグ：クエリ成功。
[09-Aug-2020 11:25:11 Asia/Tokyo] デバッグ：「「「「「「「「「「「「「「「「「「「「「「「「「「「「「「「「「「「「「「「「
[09-Aug-2020 11:25:11 Asia/Tokyo] デバッグ：「　ユーザー登録ページ　
[09-Aug-2020 11:25:11 Asia/Tokyo] デバッグ：「「「「「「「「「「「「「「「「「「「「「「「「「「「「「「「「「「「「「「「「
[09-Aug-2020 11:25:11 Asia/Tokyo] デバッグ：>>>>>>>>>>>>>>>>>>>>>>>>>>>>>>>>>>>>>>>>>>>>>>>> 画面表示処理開始
[09-Aug-2020 11:25:11 Asia/Tokyo] デバッグ：セッションID：9o8hfoth10g9ud1nk79t47rpgv
[09-Aug-2020 11:25:11 Asia/Tokyo] デバッグ：セッション変数の中身：Array
(
)

[09-Aug-2020 11:25:11 Asia/Tokyo] デバッグ：現在日時タイムスタンプ：1596939911
[09-Aug-2020 11:25:11 Asia/Tokyo] デバッグ：クエリ成功。
[09-Aug-2020 11:25:17 Asia/Tokyo] デバッグ：「「「「「「「「「「「「「「「「「「「「「「「「「「「「「「「「「「「「「「「「
[09-Aug-2020 11:25:17 Asia/Tokyo] デバッグ：「　ユーザー登録ページ　
[09-Aug-2020 11:25:17 Asia/Tokyo] デバッグ：「「「「「「「「「「「「「「「「「「「「「「「「「「「「「「「「「「「「「「「「
[09-Aug-2020 11:25:17 Asia/Tokyo] デバッグ：>>>>>>>>>>>>>>>>>>>>>>>>>>>>>>>>>>>>>>>>>>>>>>>> 画面表示処理開始
[09-Aug-2020 11:25:17 Asia/Tokyo] デバッグ：セッションID：9bpu20hulfh056cqdgr8doss8a
[09-Aug-2020 11:25:17 Asia/Tokyo] デバッグ：セッション変数の中身：Array
(
)

[09-Aug-2020 11:25:17 Asia/Tokyo] デバッグ：現在日時タイムスタンプ：1596939917
[09-Aug-2020 11:25:17 Asia/Tokyo] デバッグ：クエリ成功。
[09-Aug-2020 11:30:17 Asia/Tokyo] デバッグ：「「「「「「「「「「「「「「「「「「「「「「「「「「「「「「「「「「「「「「「「
[09-Aug-2020 11:30:17 Asia/Tokyo] デバッグ：「　ユーザー登録ページ　
[09-Aug-2020 11:30:17 Asia/Tokyo] デバッグ：「「「「「「「「「「「「「「「「「「「「「「「「「「「「「「「「「「「「「「「「
[09-Aug-2020 11:30:17 Asia/Tokyo] デバッグ：>>>>>>>>>>>>>>>>>>>>>>>>>>>>>>>>>>>>>>>>>>>>>>>> 画面表示処理開始
[09-Aug-2020 11:30:17 Asia/Tokyo] デバッグ：セッションID：2lmi1e3kht1m6a99ou7bksrcpg
[09-Aug-2020 11:30:17 Asia/Tokyo] デバッグ：セッション変数の中身：Array
(
)

[09-Aug-2020 11:30:17 Asia/Tokyo] デバッグ：現在日時タイムスタンプ：1596940217
[09-Aug-2020 11:30:17 Asia/Tokyo] デバッグ：クエリ成功。
[09-Aug-2020 11:30:34 Asia/Tokyo] デバッグ：「「「「「「「「「「「「「「「「「「「「「「「「「「「「「「「「「「「「「「「「
[09-Aug-2020 11:30:34 Asia/Tokyo] デバッグ：「　ユーザー登録ページ　
[09-Aug-2020 11:30:34 Asia/Tokyo] デバッグ：「「「「「「「「「「「「「「「「「「「「「「「「「「「「「「「「「「「「「「「「
[09-Aug-2020 11:30:34 Asia/Tokyo] デバッグ：>>>>>>>>>>>>>>>>>>>>>>>>>>>>>>>>>>>>>>>>>>>>>>>> 画面表示処理開始
[09-Aug-2020 11:30:34 Asia/Tokyo] デバッグ：セッションID：9o9hkcbipokg827c5if0e51f6a
[09-Aug-2020 11:30:34 Asia/Tokyo] デバッグ：セッション変数の中身：Array
(
)

[09-Aug-2020 11:30:34 Asia/Tokyo] デバッグ：現在日時タイムスタンプ：1596940234
[09-Aug-2020 11:30:34 Asia/Tokyo] デバッグ：クエリ成功。
[09-Aug-2020 15:34:22 Asia/Tokyo] デバッグ：「「「「「「「「「「「「「「「「「「「「「「「「「「「「「「「「「「「「「「「「
[09-Aug-2020 15:34:22 Asia/Tokyo] デバッグ：「　ユーザー登録ページ　
[09-Aug-2020 15:34:22 Asia/Tokyo] デバッグ：「「「「「「「「「「「「「「「「「「「「「「「「「「「「「「「「「「「「「「「「
[09-Aug-2020 15:34:22 Asia/Tokyo] デバッグ：>>>>>>>>>>>>>>>>>>>>>>>>>>>>>>>>>>>>>>>>>>>>>>>> 画面表示処理開始
[09-Aug-2020 15:34:22 Asia/Tokyo] デバッグ：セッションID：qiuk4rsq3f4n5d5ibddf93f4ne
[09-Aug-2020 15:34:22 Asia/Tokyo] デバッグ：セッション変数の中身：Array
(
)

[09-Aug-2020 15:34:22 Asia/Tokyo] デバッグ：現在日時タイムスタンプ：1596954862
[09-Aug-2020 15:34:44 Asia/Tokyo] デバッグ：「「「「「「「「「「「「「「「「「「「「「「「「「「「「「「「「「「「「「「「「
[09-Aug-2020 15:34:44 Asia/Tokyo] デバッグ：「　ユーザー登録ページ　
[09-Aug-2020 15:34:44 Asia/Tokyo] デバッグ：「「「「「「「「「「「「「「「「「「「「「「「「「「「「「「「「「「「「「「「「
[09-Aug-2020 15:34:44 Asia/Tokyo] デバッグ：>>>>>>>>>>>>>>>>>>>>>>>>>>>>>>>>>>>>>>>>>>>>>>>> 画面表示処理開始
[09-Aug-2020 15:34:44 Asia/Tokyo] デバッグ：セッションID：cvbko8ejfl3rui9orcn2dua6ps
[09-Aug-2020 15:34:44 Asia/Tokyo] デバッグ：セッション変数の中身：Array
(
)

[09-Aug-2020 15:34:44 Asia/Tokyo] デバッグ：現在日時タイムスタンプ：1596954884
[09-Aug-2020 15:34:44 Asia/Tokyo] デバッグ：クエリ成功。
[09-Aug-2020 15:37:00 Asia/Tokyo] デバッグ：「「「「「「「「「「「「「「「「「「「「「「「「「「「「「「「「「「「「「「「「
[09-Aug-2020 15:37:00 Asia/Tokyo] デバッグ：「　ユーザー登録ページ　
[09-Aug-2020 15:37:00 Asia/Tokyo] デバッグ：「「「「「「「「「「「「「「「「「「「「「「「「「「「「「「「「「「「「「「「「
[09-Aug-2020 15:37:00 Asia/Tokyo] デバッグ：>>>>>>>>>>>>>>>>>>>>>>>>>>>>>>>>>>>>>>>>>>>>>>>> 画面表示処理開始
[09-Aug-2020 15:37:00 Asia/Tokyo] デバッグ：セッションID：6qc4j8pj4nk7jielvfums6e7ak
[09-Aug-2020 15:37:00 Asia/Tokyo] デバッグ：セッション変数の中身：Array
(
)

[09-Aug-2020 15:37:00 Asia/Tokyo] デバッグ：現在日時タイムスタンプ：1596955020
[09-Aug-2020 15:37:00 Asia/Tokyo] デバッグ：クエリ成功。
[09-Aug-2020 15:37:00 Asia/Tokyo] デバッグ：クエリ成功。
[09-Aug-2020 15:37:00 Asia/Tokyo] PHP Fatal error:  Uncaught Error: Call to undefined method PDO::lastInsetId() in /Applications/MAMP/htdocs/tsumiage/signup.php:44
Stack trace:
#0 {main}
  thrown in /Applications/MAMP/htdocs/tsumiage/signup.php on line 44
[09-Aug-2020 15:40:58 Asia/Tokyo] デバッグ：「「「「「「「「「「「「「「「「「「「「「「「「「「「「「「「「「「「「「「「「
[09-Aug-2020 15:40:58 Asia/Tokyo] デバッグ：「　ユーザー登録ページ　
[09-Aug-2020 15:40:58 Asia/Tokyo] デバッグ：「「「「「「「「「「「「「「「「「「「「「「「「「「「「「「「「「「「「「「「「
[09-Aug-2020 15:40:58 Asia/Tokyo] デバッグ：>>>>>>>>>>>>>>>>>>>>>>>>>>>>>>>>>>>>>>>>>>>>>>>> 画面表示処理開始
[09-Aug-2020 15:40:58 Asia/Tokyo] デバッグ：セッションID：0iplergiln4b1mb1iaa37hcgma
[09-Aug-2020 15:40:58 Asia/Tokyo] デバッグ：セッション変数の中身：Array
(
    [login_date] => 1596955020
    [login_limit] => 3600
)

[09-Aug-2020 15:40:58 Asia/Tokyo] デバッグ：現在日時タイムスタンプ：1596955258
[09-Aug-2020 15:40:58 Asia/Tokyo] デバッグ：ログイン期限日時タイムスタンプ：1596958620
[09-Aug-2020 15:40:58 Asia/Tokyo] デバッグ：クエリ成功。
[09-Aug-2020 16:05:13 Asia/Tokyo] デバッグ：「「「「「「「「「「「「「「「「「「「「「「「「「「「「「「「「「「「「「「「「
[09-Aug-2020 16:05:13 Asia/Tokyo] デバッグ：「　ユーザー登録ページ　
[09-Aug-2020 16:05:13 Asia/Tokyo] デバッグ：「「「「「「「「「「「「「「「「「「「「「「「「「「「「「「「「「「「「「「「「
[09-Aug-2020 16:05:13 Asia/Tokyo] デバッグ：>>>>>>>>>>>>>>>>>>>>>>>>>>>>>>>>>>>>>>>>>>>>>>>> 画面表示処理開始
[09-Aug-2020 16:05:13 Asia/Tokyo] デバッグ：セッションID：3am1k16om3es95qlhq6mgi6qa8
[09-Aug-2020 16:05:13 Asia/Tokyo] デバッグ：セッション変数の中身：Array
(
    [login_date] => 1596955020
    [login_limit] => 3600
)

[09-Aug-2020 16:05:13 Asia/Tokyo] デバッグ：現在日時タイムスタンプ：1596956713
[09-Aug-2020 16:05:13 Asia/Tokyo] デバッグ：ログイン期限日時タイムスタンプ：1596958620
[12-Aug-2020 19:40:19 Asia/Tokyo] デバッグ：「「「「「「「「「「「「「「「「「「「「「「「「「「「「「「「「「「「「「「「「
[12-Aug-2020 19:40:19 Asia/Tokyo] デバッグ：「　ユーザー登録ページ　
[12-Aug-2020 19:40:19 Asia/Tokyo] デバッグ：「「「「「「「「「「「「「「「「「「「「「「「「「「「「「「「「「「「「「「「「
[12-Aug-2020 19:40:19 Asia/Tokyo] デバッグ：>>>>>>>>>>>>>>>>>>>>>>>>>>>>>>>>>>>>>>>>>>>>>>>> 画面表示処理開始
[12-Aug-2020 19:40:19 Asia/Tokyo] デバッグ：セッションID：7c240e3l8sokuumb8rskecct5v
[12-Aug-2020 19:40:19 Asia/Tokyo] デバッグ：セッション変数の中身：Array
(
    [login_date] => 1596955020
    [login_limit] => 3600
)

[12-Aug-2020 19:40:19 Asia/Tokyo] デバッグ：現在日時タイムスタンプ：1597228819
[12-Aug-2020 19:40:19 Asia/Tokyo] デバッグ：ログイン期限日時タイムスタンプ：1596958620
[14-Aug-2020 17:52:22 Asia/Tokyo] デバッグ：「「「「「「「「「「「「「「「「「「「「「「「「「「「「「「「「「「「「「「「
[14-Aug-2020 17:52:22 Asia/Tokyo] デバッグ：「　ログインページ　
[14-Aug-2020 17:52:22 Asia/Tokyo] デバッグ：「「「「「「「「「「「「「「「「「「「「「「「「「「「「「「「「「「「「「「「
[14-Aug-2020 17:52:22 Asia/Tokyo] デバッグ：>>>>>>>>>>>>>>>>>>>>>>>>>>>>>>>>>>>>>>>>>>>>>>>> 画面表示処理開始
[14-Aug-2020 17:52:22 Asia/Tokyo] デバッグ：セッションID：hjcjjbt1p8siotnabessuq0mug
[14-Aug-2020 17:52:22 Asia/Tokyo] デバッグ：セッション変数の中身：Array
(
)

[14-Aug-2020 17:52:22 Asia/Tokyo] デバッグ：現在日時タイムスタンプ：1597395142
[14-Aug-2020 17:52:22 Asia/Tokyo] デバッグ：未ログインユーザーです。
[14-Aug-2020 17:52:22 Asia/Tokyo] デバッグ：画面表示処理終了 <<<<<<<<<<<<<<<<<<<<<<<<<<<<<<<<<<<<<<<<<<<<<<<<
[14-Aug-2020 17:52:25 Asia/Tokyo] デバッグ：「「「「「「「「「「「「「「「「「「「「「「「「「「「「「「「「「「「「「「「
[14-Aug-2020 17:52:25 Asia/Tokyo] デバッグ：「　ログインページ　
[14-Aug-2020 17:52:25 Asia/Tokyo] デバッグ：「「「「「「「「「「「「「「「「「「「「「「「「「「「「「「「「「「「「「「「
[14-Aug-2020 17:52:25 Asia/Tokyo] デバッグ：>>>>>>>>>>>>>>>>>>>>>>>>>>>>>>>>>>>>>>>>>>>>>>>> 画面表示処理開始
[14-Aug-2020 17:52:25 Asia/Tokyo] デバッグ：セッションID：chnol1dvvva46iunqgp8ctccco
[14-Aug-2020 17:52:25 Asia/Tokyo] デバッグ：セッション変数の中身：Array
(
)

[14-Aug-2020 17:52:25 Asia/Tokyo] デバッグ：現在日時タイムスタンプ：1597395145
[14-Aug-2020 17:52:25 Asia/Tokyo] デバッグ：未ログインユーザーです。
[14-Aug-2020 17:52:25 Asia/Tokyo] デバッグ：(ログイン)POST送信があります
[14-Aug-2020 17:52:25 Asia/Tokyo] デバッグ：画面表示処理終了 <<<<<<<<<<<<<<<<<<<<<<<<<<<<<<<<<<<<<<<<<<<<<<<<
[14-Aug-2020 17:52:32 Asia/Tokyo] デバッグ：「「「「「「「「「「「「「「「「「「「「「「「「「「「「「「「「「「「「「「「
[14-Aug-2020 17:52:32 Asia/Tokyo] デバッグ：「　ログインページ　
[14-Aug-2020 17:52:32 Asia/Tokyo] デバッグ：「「「「「「「「「「「「「「「「「「「「「「「「「「「「「「「「「「「「「「「
[14-Aug-2020 17:52:32 Asia/Tokyo] デバッグ：>>>>>>>>>>>>>>>>>>>>>>>>>>>>>>>>>>>>>>>>>>>>>>>> 画面表示処理開始
[14-Aug-2020 17:52:32 Asia/Tokyo] デバッグ：セッションID：4u7lmquncmjab5pj86tqvttiq7
[14-Aug-2020 17:52:32 Asia/Tokyo] デバッグ：セッション変数の中身：Array
(
)

[14-Aug-2020 17:52:32 Asia/Tokyo] デバッグ：現在日時タイムスタンプ：1597395152
[14-Aug-2020 17:52:32 Asia/Tokyo] デバッグ：未ログインユーザーです。
[14-Aug-2020 17:52:32 Asia/Tokyo] デバッグ：画面表示処理終了 <<<<<<<<<<<<<<<<<<<<<<<<<<<<<<<<<<<<<<<<<<<<<<<<
[14-Aug-2020 17:52:36 Asia/Tokyo] デバッグ：「「「「「「「「「「「「「「「「「「「「「「「「「「「「「「「「「「「「「「「
[14-Aug-2020 17:52:36 Asia/Tokyo] デバッグ：「　ログインページ　
[14-Aug-2020 17:52:36 Asia/Tokyo] デバッグ：「「「「「「「「「「「「「「「「「「「「「「「「「「「「「「「「「「「「「「「
[14-Aug-2020 17:52:36 Asia/Tokyo] デバッグ：>>>>>>>>>>>>>>>>>>>>>>>>>>>>>>>>>>>>>>>>>>>>>>>> 画面表示処理開始
[14-Aug-2020 17:52:36 Asia/Tokyo] デバッグ：セッションID：0a0cc509s9bc3kqlagkeutug14
[14-Aug-2020 17:52:36 Asia/Tokyo] デバッグ：セッション変数の中身：Array
(
)

[14-Aug-2020 17:52:36 Asia/Tokyo] デバッグ：現在日時タイムスタンプ：1597395156
[14-Aug-2020 17:52:36 Asia/Tokyo] デバッグ：未ログインユーザーです。
[14-Aug-2020 17:52:36 Asia/Tokyo] デバッグ：(ログイン)POST送信があります
[14-Aug-2020 17:52:36 Asia/Tokyo] デバッグ：画面表示処理終了 <<<<<<<<<<<<<<<<<<<<<<<<<<<<<<<<<<<<<<<<<<<<<<<<
[14-Aug-2020 17:52:51 Asia/Tokyo] デバッグ：「「「「「「「「「「「「「「「「「「「「「「「「「「「「「「「「「「「「「「「
[14-Aug-2020 17:52:51 Asia/Tokyo] デバッグ：「　ログインページ　
[14-Aug-2020 17:52:51 Asia/Tokyo] デバッグ：「「「「「「「「「「「「「「「「「「「「「「「「「「「「「「「「「「「「「「「
[14-Aug-2020 17:52:51 Asia/Tokyo] デバッグ：>>>>>>>>>>>>>>>>>>>>>>>>>>>>>>>>>>>>>>>>>>>>>>>> 画面表示処理開始
[14-Aug-2020 17:52:51 Asia/Tokyo] デバッグ：セッションID：j46l7haetdl3lfp3pn2ru7boif
[14-Aug-2020 17:52:51 Asia/Tokyo] デバッグ：セッション変数の中身：Array
(
)

[14-Aug-2020 17:52:51 Asia/Tokyo] デバッグ：現在日時タイムスタンプ：1597395171
[14-Aug-2020 17:52:51 Asia/Tokyo] デバッグ：未ログインユーザーです。
[14-Aug-2020 17:52:51 Asia/Tokyo] デバッグ：(ログイン)POST送信があります
[14-Aug-2020 17:52:51 Asia/Tokyo] デバッグ：画面表示処理終了 <<<<<<<<<<<<<<<<<<<<<<<<<<<<<<<<<<<<<<<<<<<<<<<<
[14-Aug-2020 17:52:56 Asia/Tokyo] デバッグ：「「「「「「「「「「「「「「「「「「「「「「「「「「「「「「「「「「「「「「「
[14-Aug-2020 17:52:56 Asia/Tokyo] デバッグ：「　ログインページ　
[14-Aug-2020 17:52:56 Asia/Tokyo] デバッグ：「「「「「「「「「「「「「「「「「「「「「「「「「「「「「「「「「「「「「「「
[14-Aug-2020 17:52:56 Asia/Tokyo] デバッグ：>>>>>>>>>>>>>>>>>>>>>>>>>>>>>>>>>>>>>>>>>>>>>>>> 画面表示処理開始
[14-Aug-2020 17:52:56 Asia/Tokyo] デバッグ：セッションID：l61bh516boe1uvsgqo31ksla3c
[14-Aug-2020 17:52:56 Asia/Tokyo] デバッグ：セッション変数の中身：Array
(
)

[14-Aug-2020 17:52:56 Asia/Tokyo] デバッグ：現在日時タイムスタンプ：1597395176
[14-Aug-2020 17:52:56 Asia/Tokyo] デバッグ：未ログインユーザーです。
[14-Aug-2020 17:52:56 Asia/Tokyo] デバッグ：(ログイン)POST送信があります
[14-Aug-2020 17:52:56 Asia/Tokyo] デバッグ：画面表示処理終了 <<<<<<<<<<<<<<<<<<<<<<<<<<<<<<<<<<<<<<<<<<<<<<<<
[14-Aug-2020 17:53:02 Asia/Tokyo] デバッグ：「「「「「「「「「「「「「「「「「「「「「「「「「「「「「「「「「「「「「「「「
[14-Aug-2020 17:53:02 Asia/Tokyo] デバッグ：「　ユーザー登録ページ　
[14-Aug-2020 17:53:02 Asia/Tokyo] デバッグ：「「「「「「「「「「「「「「「「「「「「「「「「「「「「「「「「「「「「「「「「
[14-Aug-2020 17:53:02 Asia/Tokyo] デバッグ：>>>>>>>>>>>>>>>>>>>>>>>>>>>>>>>>>>>>>>>>>>>>>>>> 画面表示処理開始
[14-Aug-2020 17:53:02 Asia/Tokyo] デバッグ：セッションID：ojmj60j4jed4vig4e7q9scsp31
[14-Aug-2020 17:53:02 Asia/Tokyo] デバッグ：セッション変数の中身：Array
(
)

[14-Aug-2020 17:53:02 Asia/Tokyo] デバッグ：現在日時タイムスタンプ：1597395182
[14-Aug-2020 17:53:07 Asia/Tokyo] デバッグ：「「「「「「「「「「「「「「「「「「「「「「「「「「「「「「「「「「「「「「「「
[14-Aug-2020 17:53:07 Asia/Tokyo] デバッグ：「　ユーザー登録ページ　
[14-Aug-2020 17:53:07 Asia/Tokyo] デバッグ：「「「「「「「「「「「「「「「「「「「「「「「「「「「「「「「「「「「「「「「「
[14-Aug-2020 17:53:07 Asia/Tokyo] デバッグ：>>>>>>>>>>>>>>>>>>>>>>>>>>>>>>>>>>>>>>>>>>>>>>>> 画面表示処理開始
[14-Aug-2020 17:53:07 Asia/Tokyo] デバッグ：セッションID：pfr2o9c8rp36obca2ed6uth7rp
[14-Aug-2020 17:53:07 Asia/Tokyo] デバッグ：セッション変数の中身：Array
(
)

[14-Aug-2020 17:53:07 Asia/Tokyo] デバッグ：現在日時タイムスタンプ：1597395187
[14-Aug-2020 17:55:39 Asia/Tokyo] デバッグ：「「「「「「「「「「「「「「「「「「「「「「「「「「「「「「「「「「「「「「「「
[14-Aug-2020 17:55:39 Asia/Tokyo] デバッグ：「　ユーザー登録ページ　
[14-Aug-2020 17:55:39 Asia/Tokyo] デバッグ：「「「「「「「「「「「「「「「「「「「「「「「「「「「「「「「「「「「「「「「「
[14-Aug-2020 17:55:39 Asia/Tokyo] デバッグ：>>>>>>>>>>>>>>>>>>>>>>>>>>>>>>>>>>>>>>>>>>>>>>>> 画面表示処理開始
[14-Aug-2020 17:55:39 Asia/Tokyo] デバッグ：セッションID：gsdr52c2ranqsbb3elriga4jq6
[14-Aug-2020 17:55:39 Asia/Tokyo] デバッグ：セッション変数の中身：Array
(
)

[14-Aug-2020 17:55:39 Asia/Tokyo] デバッグ：現在日時タイムスタンプ：1597395339
[14-Aug-2020 17:55:50 Asia/Tokyo] デバッグ：「「「「「「「「「「「「「「「「「「「「「「「「「「「「「「「「「「「「「「「「
[14-Aug-2020 17:55:50 Asia/Tokyo] デバッグ：「　ユーザー登録ページ　
[14-Aug-2020 17:55:50 Asia/Tokyo] デバッグ：「「「「「「「「「「「「「「「「「「「「「「「「「「「「「「「「「「「「「「「「
[14-Aug-2020 17:55:50 Asia/Tokyo] デバッグ：>>>>>>>>>>>>>>>>>>>>>>>>>>>>>>>>>>>>>>>>>>>>>>>> 画面表示処理開始
[14-Aug-2020 17:55:50 Asia/Tokyo] デバッグ：セッションID：e857p9j9agds8j3oep4i0ho6rn
[14-Aug-2020 17:55:50 Asia/Tokyo] デバッグ：セッション変数の中身：Array
(
)

[14-Aug-2020 17:55:50 Asia/Tokyo] デバッグ：現在日時タイムスタンプ：1597395350
[14-Aug-2020 17:55:50 Asia/Tokyo] デバッグ：クエリ成功。
[14-Aug-2020 21:54:26 Asia/Tokyo] デバッグ：「「「「「「「「「「「「「「「「「「「「「「「「「「「「「「「「「「「「「「「
[14-Aug-2020 21:54:26 Asia/Tokyo] デバッグ：「　ログインページ　
[14-Aug-2020 21:54:26 Asia/Tokyo] デバッグ：「「「「「「「「「「「「「「「「「「「「「「「「「「「「「「「「「「「「「「「
[14-Aug-2020 21:54:26 Asia/Tokyo] デバッグ：>>>>>>>>>>>>>>>>>>>>>>>>>>>>>>>>>>>>>>>>>>>>>>>> 画面表示処理開始
[14-Aug-2020 21:54:26 Asia/Tokyo] デバッグ：セッションID：lttldr3ubgcf4p9qklm53969ea
[14-Aug-2020 21:54:26 Asia/Tokyo] デバッグ：セッション変数の中身：Array
(
)

[14-Aug-2020 21:54:26 Asia/Tokyo] デバッグ：現在日時タイムスタンプ：1597409666
[14-Aug-2020 21:54:26 Asia/Tokyo] デバッグ：未ログインユーザーです。
[14-Aug-2020 21:54:26 Asia/Tokyo] デバッグ：画面表示処理終了 <<<<<<<<<<<<<<<<<<<<<<<<<<<<<<<<<<<<<<<<<<<<<<<<
[14-Aug-2020 21:54:31 Asia/Tokyo] デバッグ：「「「「「「「「「「「「「「「「「「「「「「「「「「「「「「「「「「「「「「「「
[14-Aug-2020 21:54:31 Asia/Tokyo] デバッグ：「　ユーザー登録ページ　
[14-Aug-2020 21:54:31 Asia/Tokyo] デバッグ：「「「「「「「「「「「「「「「「「「「「「「「「「「「「「「「「「「「「「「「「
[14-Aug-2020 21:54:31 Asia/Tokyo] デバッグ：>>>>>>>>>>>>>>>>>>>>>>>>>>>>>>>>>>>>>>>>>>>>>>>> 画面表示処理開始
[14-Aug-2020 21:54:31 Asia/Tokyo] デバッグ：セッションID：5j4ikr6632fskbhp4304q3kdq9
[14-Aug-2020 21:54:31 Asia/Tokyo] デバッグ：セッション変数の中身：Array
(
)

[14-Aug-2020 21:54:31 Asia/Tokyo] デバッグ：現在日時タイムスタンプ：1597409671
[14-Aug-2020 21:54:42 Asia/Tokyo] デバッグ：「「「「「「「「「「「「「「「「「「「「「「「「「「「「「「「「「「「「「「「「
[14-Aug-2020 21:54:42 Asia/Tokyo] デバッグ：「　ユーザー登録ページ　
[14-Aug-2020 21:54:42 Asia/Tokyo] デバッグ：「「「「「「「「「「「「「「「「「「「「「「「「「「「「「「「「「「「「「「「「
[14-Aug-2020 21:54:42 Asia/Tokyo] デバッグ：>>>>>>>>>>>>>>>>>>>>>>>>>>>>>>>>>>>>>>>>>>>>>>>> 画面表示処理開始
[14-Aug-2020 21:54:42 Asia/Tokyo] デバッグ：セッションID：f6o53c3kig0nm263bkfe7jvf5m
[14-Aug-2020 21:54:42 Asia/Tokyo] デバッグ：セッション変数の中身：Array
(
)

[14-Aug-2020 21:54:42 Asia/Tokyo] デバッグ：現在日時タイムスタンプ：1597409682
[14-Aug-2020 21:54:42 Asia/Tokyo] デバッグ：クエリ成功。
[14-Aug-2020 21:54:42 Asia/Tokyo] デバッグ：クエリ成功。
[14-Aug-2020 21:54:42 Asia/Tokyo] デバッグ：セッション変数の中身：Array
(
    [login_date] => 1597409682
    [login_limit] => 3600
    [user_id] => 2
)

[14-Aug-2020 21:54:44 Asia/Tokyo] デバッグ：「「「「「「「「「「「「「「「「「「「「「「「「「「「「「「「「「「「「「「「
[14-Aug-2020 21:54:44 Asia/Tokyo] デバッグ：「　ログインページ　
[14-Aug-2020 21:54:44 Asia/Tokyo] デバッグ：「「「「「「「「「「「「「「「「「「「「「「「「「「「「「「「「「「「「「「「
[14-Aug-2020 21:54:44 Asia/Tokyo] デバッグ：>>>>>>>>>>>>>>>>>>>>>>>>>>>>>>>>>>>>>>>>>>>>>>>> 画面表示処理開始
[14-Aug-2020 21:54:44 Asia/Tokyo] デバッグ：セッションID：pmhuplp4ahbbms2352cis7cfgs
[14-Aug-2020 21:54:44 Asia/Tokyo] デバッグ：セッション変数の中身：Array
(
    [login_date] => 1597409682
    [login_limit] => 3600
    [user_id] => 2
)

[14-Aug-2020 21:54:44 Asia/Tokyo] デバッグ：現在日時タイムスタンプ：1597409684
[14-Aug-2020 21:54:44 Asia/Tokyo] デバッグ：ログイン期限日時タイムスタンプ：1597413282
[14-Aug-2020 21:54:44 Asia/Tokyo] デバッグ：ログイン済みユーザーです。
[14-Aug-2020 21:54:44 Asia/Tokyo] デバッグ：ログイン有効期限以内です。
[14-Aug-2020 21:54:45 Asia/Tokyo] デバッグ：マイページへ遷移します。
[14-Aug-2020 21:54:45 Asia/Tokyo] デバッグ：画面表示処理終了 <<<<<<<<<<<<<<<<<<<<<<<<<<<<<<<<<<<<<<<<<<<<<<<<
[14-Aug-2020 21:54:45 Asia/Tokyo] デバッグ：「「「「「「「「「「「「「「「「「「「「「「「「「「「「「「「「「「「「「「「「
[14-Aug-2020 21:54:45 Asia/Tokyo] デバッグ：「　マイページ　
[14-Aug-2020 21:54:45 Asia/Tokyo] デバッグ：「「「「「「「「「「「「「「「「「「「「「「「「「「「「「「「「「「「「「「「「
[14-Aug-2020 21:54:45 Asia/Tokyo] デバッグ：>>>>>>>>>>>>>>>>>>>>>>>>>>>>>>>>>>>>>>>>>>>>>>>> 画面表示処理開始
[14-Aug-2020 21:54:45 Asia/Tokyo] デバッグ：セッションID：nrlu67qbu49mtgseu5v2obp5bv
[14-Aug-2020 21:54:45 Asia/Tokyo] デバッグ：セッション変数の中身：Array
(
    [login_date] => 1597409685
    [login_limit] => 3600
    [user_id] => 2
)

[14-Aug-2020 21:54:45 Asia/Tokyo] デバッグ：現在日時タイムスタンプ：1597409685
[14-Aug-2020 21:54:45 Asia/Tokyo] デバッグ：ログイン期限日時タイムスタンプ：1597413285
[14-Aug-2020 21:54:45 Asia/Tokyo] デバッグ：ログイン済みユーザーです。
[14-Aug-2020 21:54:45 Asia/Tokyo] デバッグ：ログイン有効期限以内です。
[14-Aug-2020 21:54:45 Asia/Tokyo] デバッグ：ユーザー情報を取得します。
[14-Aug-2020 21:54:45 Asia/Tokyo] デバッグ：クエリ成功。
[14-Aug-2020 21:54:45 Asia/Tokyo] PHP Fatal error:  Uncaught Error: Call to undefined function getFormData() in /Applications/MAMP/htdocs/tsumiage/sidebar.php:39
Stack trace:
#0 /Applications/MAMP/htdocs/tsumiage/mypage.php(24): require()
#1 {main}
  thrown in /Applications/MAMP/htdocs/tsumiage/sidebar.php on line 39
